<?xml version="1.0" encoding="UTF-8"?>
<testsuite xmlns:xsi="http://www.w3.org/2001/XMLSchema-instance" xsi:noNamespaceSchemaLocation="https://maven.apache.org/surefire/maven-surefire-plugin/xsd/surefire-test-report.xsd" version="3.0.2" name="com.still.backend.StillApplicationTests" time="1.396" tests="1" errors="0" skipped="0" failures="0">
  <properties>
[...]
</properties>
  <testcase name="contextLoads" classname="com.still.backend.StillApplicationTests" time="0.325">
    <system-out><![CDATA[19:36:27.408 [main] INFO org.springframework.test.context.support.AnnotationConfigContextLoaderUtils -- Could not detect default configuration classes for test class [com.still.backend.StillApplicationTests]: StillApplicationTests does not declare any static, non-private, non-final, nested classes annotated with @Configuration.
19:36:27.455 [main] INFO org.springframework.boot.test.context.SpringBootTestContextBootstrapper -- Found @SpringBootConfiguration com.still.backend.StillApplication for test class com.still.backend.StillApplicationTests
19:36:27.521 [main] INFO org.springframework.boot.devtools.restart.RestartApplicationListener -- Restart disabled due to context in which it is running

  .   ____          _            __ _ _
 /\\ / ___'_ __ _ _(_)_ __  __ _ \ \ \ \
( ( )\___ | '_ | '_| | '_ \/ _` | \ \ \ \
 \\/  ___)| |_)| | | | | || (_| |  ) ) ) )
  '  |____| .__|_| |_|_| |_\__, | / / / /
 =========|_|==============|___/=/_/_/_/

 :: Spring Boot ::                (v3.5.3)

2025-07-19T19:36:27.632-04:00  INFO 22265 --- [still] [           main] c.still.backend.StillApplicationTests    : Starting StillApplicationTests using Java 17.0.14 with PID 22265 (started by cocochen in /Users/cocochen/Desktop/Still/backend)
2025-07-19T19:36:27.633-04:00  INFO 22265 --- [still] [           main] c.still.backend.StillApplicationTests    : No active profile set, falling back to 1 default profile: "default"
2025-07-19T19:36:27.870-04:00  INFO 22265 --- [still] [           main] .s.d.r.c.RepositoryConfigurationDelegate : Bootstrapping Spring Data MongoDB repositories in DEFAULT mode.
2025-07-19T19:36:27.877-04:00  INFO 22265 --- [still] [           main] .s.d.r.c.RepositoryConfigurationDelegate : Finished Spring Data repository scanning in 4 ms. Found 0 MongoDB repository interfaces.
2025-07-19T19:36:28.248-04:00  INFO 22265 --- [still] [           main] org.mongodb.driver.client                : MongoClient with metadata {"driver": {"name": "mongo-java-driver|sync|spring-boot", "version": "5.5.1"}, "os": {"type": "Darwin", "name": "Mac OS X", "architecture": "aarch64", "version": "15.5"}, "platform": "Java/Amazon.com Inc./17.0.14+7-LTS"} created with settings MongoClientSettings{readPreference=primary, writeConcern=WriteConcern{w=null, wTimeout=null ms, journal=null}, retryWrites=true, retryReads=true, readConcern=ReadConcern{level=null}, credential=MongoCredential{mechanism=null, userName='sun901026', source='admin', password=<hidden>, mechanismProperties=<hidden>}, transportSettings=null, commandListeners=[], codecRegistry=ProvidersCodecRegistry{codecProviders=[ValueCodecProvider{}, BsonValueCodecProvider{}, DBRefCodecProvider{}, DBObjectCodecProvider{}, DocumentCodecProvider{}, CollectionCodecProvider{}, IterableCodecProvider{}, MapCodecProvider{}, GeoJsonCodecProvider{}, GridFSFileCodecProvider{}, Jsr310CodecProvider{}, JsonObjectCodecProvider{}, BsonCodecProvider{}, EnumCodecProvider{}, com.mongodb.client.model.mql.ExpressionCodecProvider@d5e575c, com.mongodb.Jep395RecordCodecProvider@7742a45c, com.mongodb.KotlinCodecProvider@7ca492d9]}, loggerSettings=LoggerSettings{maxDocumentLength=1000}, clusterSettings={hosts=[127.0.0.1:27017], srvHost=still.ylqg3wa.mongodb.net, srvServiceName=mongodb, mode=MULTIPLE, requiredClusterType=REPLICA_SET, requiredReplicaSetName='atlas-a7990j-shard-0', serverSelector='null', clusterListeners='[]', serverSelectionTimeout='30000 ms', localThreshold='15 ms'}, socketSettings=SocketSettings{connectTimeoutMS=10000, readTimeoutMS=0, receiveBufferSize=0, proxySettings=ProxySettings{host=null, port=null, username=null, password=null}}, heartbeatSocketSettings=SocketSettings{connectTimeoutMS=10000, readTimeoutMS=10000, receiveBufferSize=0, proxySettings=ProxySettings{host=null, port=null, username=null, password=null}}, connectionPoolSettings=ConnectionPoolSettings{maxSize=100, minSize=0, maxWaitTimeMS=120000, maxConnectionLifeTimeMS=0, maxConnectionIdleTimeMS=0, maintenanceInitialDelayMS=0, maintenanceFrequencyMS=60000, connectionPoolListeners=[], maxConnecting=2}, serverSettings=ServerSettings{heartbeatFrequencyMS=10000, minHeartbeatFrequencyMS=500, serverMonitoringMode=AUTO, serverListeners='[]', serverMonitorListeners='[]'}, sslSettings=SslSettings{enabled=true, invalidHostNameAllowed=false, context=null}, applicationName='null', compressorList=[], uuidRepresentation=JAVA_LEGACY, serverApi=null, autoEncryptionSettings=null, dnsClient=null, inetAddressResolver=null, contextProvider=null, timeoutMS=null}
2025-07-19T19:36:28.288-04:00  INFO 22265 --- [still] [3wa.mongodb.net] org.mongodb.driver.cluster               : Adding discovered server ac-lnfeuhd-shard-00-01.ylqg3wa.mongodb.net:27017 to client view of cluster
2025-07-19T19:36:28.297-04:00  INFO 22265 --- [still] [3wa.mongodb.net] org.mongodb.driver.cluster               : Adding discovered server ac-lnfeuhd-shard-00-00.ylqg3wa.mongodb.net:27017 to client view of cluster
2025-07-19T19:36:28.302-04:00  INFO 22265 --- [still] [3wa.mongodb.net] org.mongodb.driver.cluster               : Adding discovered server ac-lnfeuhd-shard-00-02.ylqg3wa.mongodb.net:27017 to client view of cluster
2025-07-19T19:36:28.356-04:00  WARN 22265 --- [still] [           main] .s.s.UserDetailsServiceAutoConfiguration : 

Using generated security password: 37d233eb-41c1-49a9-acbd-9fd1eb72a138

This generated password is for development use only. Your security configuration must be updated before running your application in production.

2025-07-19T19:36:28.359-04:00  INFO 22265 --- [still] [           main] r$InitializeUserDetailsManagerConfigurer : Global AuthenticationManager configured with UserDetailsService bean with name inMemoryUserDetailsManager
2025-07-19T19:36:28.406-04:00  INFO 22265 --- [still] [           main] c.still.backend.StillApplicationTests    : Started StillApplicationTests in 0.891 seconds (process running for 1.268)
2025-07-19T19:36:28.437-04:00  INFO 22265 --- [still] [ngodb.net:27017] org.mongodb.driver.cluster               : Exception in monitor thread while connecting to server ac-lnfeuhd-shard-00-02.ylqg3wa.mongodb.net:27017

com.mongodb.MongoSocketException: ac-lnfeuhd-shard-00-02.ylqg3wa.mongodb.net: nodename nor servname provided, or not known
	at com.mongodb.internal.connection.ServerAddressHelper.getSocketAddresses(ServerAddressHelper.java:75) ~[mongodb-driver-core-5.5.1.jar:na]
	at com.mongodb.internal.connection.SocketStream.initializeSocket(SocketStream.java:100) ~[mongodb-driver-core-5.5.1.jar:na]
	at com.mongodb.internal.connection.SocketStream.open(SocketStream.java:79) ~[mongodb-driver-core-5.5.1.jar:na]
	at com.mongodb.internal.connection.InternalStreamConnection.open(InternalStreamConnection.java:233) ~[mongodb-driver-core-5.5.1.jar:na]
	at com.mongodb.internal.connection.DefaultServerMonitor$ServerMonitor.lookupServerDescription(DefaultServerMonitor.java:219) ~[mongodb-driver-core-5.5.1.jar:na]
	at com.mongodb.internal.connection.DefaultServerMonitor$ServerMonitor.run(DefaultServerMonitor.java:176) ~[mongodb-driver-core-5.5.1.jar:na]
Caused by: java.net.UnknownHostException: ac-lnfeuhd-shard-00-02.ylqg3wa.mongodb.net: nodename nor servname provided, or not known
	at java.base/java.net.Inet6AddressImpl.lookupAllHostAddr(Native Method) ~[na:na]
	at java.base/java.net.InetAddress$PlatformNameService.lookupAllHostAddr(InetAddress.java:934) ~[na:na]
	at java.base/java.net.InetAddress.getAddressesFromNameService(InetAddress.java:1543) ~[na:na]
	at java.base/java.net.InetAddress$NameServiceAddresses.get(InetAddress.java:852) ~[na:na]
	at java.base/java.net.InetAddress.getAllByName0(InetAddress.java:1533) ~[na:na]
	at java.base/java.net.InetAddress.getAllByName(InetAddress.java:1385) ~[na:na]
	at java.base/java.net.InetAddress.getAllByName(InetAddress.java:1306) ~[na:na]
	at com.mongodb.internal.connection.DefaultInetAddressResolver.lookupByName(DefaultInetAddressResolver.java:34) ~[mongodb-driver-core-5.5.1.jar:na]
	at com.mongodb.internal.connection.ServerAddressHelper.getSocketAddresses(ServerAddressHelper.java:71) ~[mongodb-driver-core-5.5.1.jar:na]
	... 5 common frames omitted

2025-07-19T19:36:28.679-04:00  INFO 22265 --- [still] [ngodb.net:27017] org.mongodb.driver.cluster               : Monitor thread successfully connected to server with description ServerDescription{address=ac-lnfeuhd-shard-00-00.ylqg3wa.mongodb.net:27017, type=REPLICA_SET_SECONDARY, cryptd=false, state=CONNECTED, ok=true, minWireVersion=0, maxWireVersion=25, maxDocumentSize=16777216, logicalSessionTimeoutMinutes=30, roundTripTimeNanos=153301750, minRoundTripTimeNanos=0, setName='atlas-a7990j-shard-0', canonicalAddress=ac-lnfeuhd-shard-00-00.ylqg3wa.mongodb.net:27017, hosts=[ac-lnfeuhd-shard-00-01.ylqg3wa.mongodb.net:27017, ac-lnfeuhd-shard-00-02.ylqg3wa.mongodb.net:27017, ac-lnfeuhd-shard-00-00.ylqg3wa.mongodb.net:27017], passives=[], arbiters=[], primary='ac-lnfeuhd-shard-00-02.ylqg3wa.mongodb.net:27017', tagSet=TagSet{[Tag{name='availabilityZone', value='use1-az4'}, Tag{name='diskState', value='READY'}, Tag{name='nodeType', value='ELECTABLE'}, Tag{name='provider', value='AWS'}, Tag{name='region', value='US_EAST_1'}, Tag{name='workloadType', value='OPERATIONAL'}]}, electionId=null, setVersion=265, topologyVersion=TopologyVersion{processId=687958ff9e2739306312d766, counter=4}, lastWriteDate=Sat Jul 19 19:36:28 EDT 2025, lastUpdateTimeNanos=71302629060458}
2025-07-19T19:36:28.679-04:00  INFO 22265 --- [still] [ngodb.net:27017] org.mongodb.driver.cluster               : Monitor thread successfully connected to server with description ServerDescription{address=ac-lnfeuhd-shard-00-01.ylqg3wa.mongodb.net:27017, type=REPLICA_SET_SECONDARY, cryptd=false, state=CONNECTED, ok=true, minWireVersion=0, maxWireVersion=25, maxDocumentSize=16777216, logicalSessionTimeoutMinutes=30, roundTripTimeNanos=178116625, minRoundTripTimeNanos=0, setName='atlas-a7990j-shard-0', canonicalAddress=ac-lnfeuhd-shard-00-01.ylqg3wa.mongodb.net:27017, hosts=[ac-lnfeuhd-shard-00-01.ylqg3wa.mongodb.net:27017, ac-lnfeuhd-shard-00-02.ylqg3wa.mongodb.net:27017, ac-lnfeuhd-shard-00-00.ylqg3wa.mongodb.net:27017], passives=[], arbiters=[], primary='ac-lnfeuhd-shard-00-02.ylqg3wa.mongodb.net:27017', tagSet=TagSet{[Tag{name='availabilityZone', value='use1-az6'}, Tag{name='diskState', value='READY'}, Tag{name='nodeType', value='ELECTABLE'}, Tag{name='provider', value='AWS'}, Tag{name='region', value='US_EAST_1'}, Tag{name='workloadType', value='OPERATIONAL'}]}, electionId=null, setVersion=265, topologyVersion=TopologyVersion{processId=68795eaa71ad6d678838aa04, counter=3}, lastWriteDate=Sat Jul 19 19:36:28 EDT 2025, lastUpdateTimeNanos=71302629064291}
]]></system-out>
  </testcase>
</testsuite>